#
# There is insufficient memory for the Java Runtime Environment to continue.
# Native memory allocation (mmap) failed to map 222298112 bytes for G1 virtual space
# Possible reasons:
#   The system is out of physical RAM or swap space
#   The process is running with CompressedOops enabled, and the Java Heap may be blocking the growth of the native heap
# Possible solutions:
#   Reduce memory load on the system
#   Increase physical memory or swap space
#   Check if swap backing store is full
#   Decrease Java heap size (-Xmx/-Xms)
#   Decrease number of Java threads
#   Decrease Java thread stack sizes (-Xss)
#   Set larger code cache with -XX:ReservedCodeCacheSize=
#   JVM is running with Zero Based Compressed Oops mode in which the Java heap is
#     placed in the first 32GB address space. The Java Heap base address is the
#     maximum limit for the native heap growth. Please use -XX:HeapBaseMinAddress
#     to set the Java Heap base and to place the Java Heap above 32GB virtual address.
# This output file may be truncated or incomplete.
#
#  Out of Memory Error (os_windows.cpp:3532), pid=16084, tid=21168
#
# JRE version: Java(TM) SE Runtime Environment (17.0.2+8) (build 17.0.2+8-LTS-86)
# Java VM: Java HotSpot(TM) 64-Bit Server VM (17.0.2+8-LTS-86, mixed mode, emulated-client, sharing, tiered, compressed oops, compressed class ptrs, g1 gc, windows-amd64)
# No core dump will be written. Minidumps are not enabled by default on client versions of Windows
#

---------------  S U M M A R Y ------------

Command Line: -XX:TieredStopAtLevel=1 -Dspring.output.ansi.enabled=always -Dcom.sun.management.jmxremote -Dspring.jmx.enabled=true -Dspring.liveBeansView.mbeanDomain -Dspring.application.admin.enabled=true -Dmanagement.endpoints.jmx.exposure.include=* -javaagent:C:\Users\pflat\AppData\Local\Programs\IntelliJ IDEA Ultimate\lib\idea_rt.jar=60421:C:\Users\pflat\AppData\Local\Programs\IntelliJ IDEA Ultimate\bin -Dfile.encoding=UTF-8 mvp.pioneer.backend.BackendApplication

Host: AMD Ryzen 7 5700U with Radeon Graphics         , 16 cores, 13G,  Windows 11 , 64 bit Build 22621 (10.0.22621.3235)
Time: Mon Apr  1 00:24:38 2024 RTZ 2 (s 11 , 64 bit Build 22621 (10.0.22621.3235) elapsed time: 9.949987 seconds (0d 0h 0m 9s)

---------------  T H R E A D  ---------------

Current thread (0x0000019e673b3260):  VMThread "VM Thread" [stack: 0x0000002464900000,0x0000002464a00000] [id=21168]

Stack: [0x0000002464900000,0x0000002464a00000]
Native frames: (J=compiled Java code, j=interpreted, Vv=VM code, C=native code)
V  [jvm.dll+0x670baa]
V  [jvm.dll+0x7cfcb4]
V  [jvm.dll+0x7d145e]
V  [jvm.dll+0x7d1ac3]
V  [jvm.dll+0x242bc5]
V  [jvm.dll+0x66dac9]
V  [jvm.dll+0x662412]
V  [jvm.dll+0x300c0b]
V  [jvm.dll+0x3081a6]
V  [jvm.dll+0x357d0e]
V  [jvm.dll+0x357f3f]
V  [jvm.dll+0x2d7ec8]
V  [jvm.dll+0x2d6194]
V  [jvm.dll+0x2d579c]
V  [jvm.dll+0x3190eb]
V  [jvm.dll+0x7d5f9b]
V  [jvm.dll+0x7d6cd4]
V  [jvm.dll+0x7d71ec]
V  [jvm.dll+0x7d75c4]
V  [jvm.dll+0x7d7690]
V  [jvm.dll+0x77ff7a]
V  [jvm.dll+0x66fa35]
C  [ucrtbase.dll+0x29363]
C  [KERNEL32.DLL+0x1257d]
C  [ntdll.dll+0x5aa58]

VM_Operation (0x00000024681fc030): G1CollectForAllocation, mode: safepoint, requested by thread 0x0000019e6ebd4770


---------------  P R O C E S S  ---------------

Threads class SMR info:
_java_thread_list=0x0000019e6cd72b30, length=42, elements={
0x0000019e673b6d60, 0x0000019e673b8af0, 0x0000019e673cede0, 0x0000019e673cf8a0,
0x0000019e673d2270, 0x0000019e673d2b30, 0x0000019e673d34a0, 0x0000019e673d67e0,
0x0000019e67d89a70, 0x0000019e673a22d0, 0x0000019e673a27e0, 0x0000019e67e04230,
0x0000019e68325550, 0x0000019e68325a20, 0x0000019e68436ac0, 0x0000019e6989c170,
0x0000019e698b0010, 0x0000019e699b8df0, 0x0000019e6991b200, 0x0000019e699db5a0,
0x0000019e6a4238f0, 0x0000019e6a423dc0, 0x0000019e6a424290, 0x0000019e6a496f70,
0x0000019e6a272050, 0x0000019e69d4c3d0, 0x0000019e69d49d50, 0x0000019e69d4bf00,
0x0000019e69d4a220, 0x0000019e69d4c8a0, 0x0000019e69d4cd70, 0x0000019e69d4d240,
0x0000019e69d4b560, 0x0000019e6ebd7790, 0x0000019e6ebd1750, 0x0000019e6ebd8130,
0x0000019e6ebd42a0, 0x0000019e6ebd5f80, 0x0000019e6ebd8600, 0x0000019e6ebd4770,
0x0000019e6ebd4c40, 0x0000019e6ebd6450
}

Java Threads: ( => current thread )
  0x0000019e673b6d60 JavaThread "Reference Handler" daemon [_thread_blocked, id=21752, stack(0x0000002464a00000,0x0000002464b00000)]
  0x0000019e673b8af0 JavaThread "Finalizer" daemon [_thread_blocked, id=23288, stack(0x0000002464b00000,0x0000002464c00000)]
  0x0000019e673cede0 JavaThread "Signal Dispatcher" daemon [_thread_blocked, id=10416, stack(0x0000002464c00000,0x0000002464d00000)]
  0x0000019e673cf8a0 JavaThread "Attach Listener" daemon [_thread_blocked, id=11624, stack(0x0000002464d00000,0x0000002464e00000)]
  0x0000019e673d2270 JavaThread "Service Thread" daemon [_thread_blocked, id=21912, stack(0x0000002464e00000,0x0000002464f00000)]
  0x0000019e673d2b30 JavaThread "Monitor Deflation Thread" daemon [_thread_blocked, id=14272, stack(0x0000002464f00000,0x0000002465000000)]
  0x0000019e673d34a0 JavaThread "C1 CompilerThread0" daemon [_thread_blocked, id=22136, stack(0x0000002465000000,0x0000002465100000)]
  0x0000019e673d67e0 JavaThread "Sweeper thread" daemon [_thread_blocked, id=396, stack(0x0000002465100000,0x0000002465200000)]
  0x0000019e67d89a70 JavaThread "Common-Cleaner" daemon [_thread_blocked, id=8008, stack(0x0000002465200000,0x0000002465300000)]
  0x0000019e673a22d0 JavaThread "C1 CompilerThread1" daemon [_thread_blocked, id=18520, stack(0x0000002465300000,0x0000002465400000)]
  0x0000019e673a27e0 JavaThread "C1 CompilerThread2" daemon [_thread_blocked, id=19420, stack(0x0000002465400000,0x0000002465500000)]
  0x0000019e67e04230 JavaThread "C1 CompilerThread3" daemon [_thread_blocked, id=16324, stack(0x0000002465500000,0x0000002465600000)]
  0x0000019e68325550 JavaThread "Monitor Ctrl-Break" daemon [_thread_in_native, id=19072, stack(0x0000002465600000,0x0000002465700000)]
  0x0000019e68325a20 JavaThread "Notification Thread" daemon [_thread_blocked, id=10728, stack(0x0000002465700000,0x0000002465800000)]
  0x0000019e68436ac0 JavaThread "RMI TCP Accept-0" daemon [_thread_in_native, id=13248, stack(0x0000002465800000,0x0000002465900000)]
  0x0000019e6989c170 JavaThread "RMI TCP Connection(1)-192.168.148.254" daemon [_thread_in_native, id=6172, stack(0x0000002466000000,0x0000002466100000)]
  0x0000019e698b0010 JavaThread "RMI Scheduler(0)" daemon [_thread_blocked, id=23416, stack(0x0000002466100000,0x0000002466200000)]
  0x0000019e699b8df0 JavaThread "C1 CompilerThread4" daemon [_thread_blocked, id=13964, stack(0x0000002466300000,0x0000002466400000)]
  0x0000019e6991b200 JavaThread "C1 CompilerThread5" daemon [_thread_blocked, id=18496, stack(0x0000002466800000,0x0000002466900000)]
  0x0000019e699db5a0 JavaThread "C1 CompilerThread6" daemon [_thread_blocked, id=22420, stack(0x0000002466900000,0x0000002466a00000)]
  0x0000019e6a4238f0 JavaThread "Catalina-utility-1" [_thread_blocked, id=23464, stack(0x0000002466d00000,0x0000002466e00000)]
  0x0000019e6a423dc0 JavaThread "Catalina-utility-2" [_thread_blocked, id=7764, stack(0x0000002466e00000,0x0000002466f00000)]
  0x0000019e6a424290 JavaThread "container-0" [_thread_blocked, id=3928, stack(0x0000002466f00000,0x0000002467000000)]
  0x0000019e6a496f70 JavaThread "PostgreSQL-JDBC-Cleaner" daemon [_thread_blocked, id=10300, stack(0x0000002467100000,0x0000002467200000)]
  0x0000019e6a272050 JavaThread "HikariPool-1 housekeeper" daemon [_thread_blocked, id=14100, stack(0x0000002467200000,0x0000002467300000)]
  0x0000019e69d4c3d0 JavaThread "http-nio-8181-exec-1" daemon [_thread_blocked, id=20584, stack(0x0000002467300000,0x0000002467400000)]
  0x0000019e69d49d50 JavaThread "http-nio-8181-exec-2" daemon [_thread_blocked, id=13684, stack(0x0000002467400000,0x0000002467500000)]
  0x0000019e69d4bf00 JavaThread "http-nio-8181-exec-3" daemon [_thread_blocked, id=13004, stack(0x0000002467500000,0x0000002467600000)]
  0x0000019e69d4a220 JavaThread "http-nio-8181-exec-4" daemon [_thread_blocked, id=6052, stack(0x0000002467600000,0x0000002467700000)]
  0x0000019e69d4c8a0 JavaThread "http-nio-8181-exec-5" daemon [_thread_blocked, id=12984, stack(0x0000002467700000,0x0000002467800000)]
  0x0000019e69d4cd70 JavaThread "http-nio-8181-exec-6" daemon [_thread_blocked, id=2700, stack(0x0000002467800000,0x0000002467900000)]
  0x0000019e69d4d240 JavaThread "http-nio-8181-exec-7" daemon [_thread_blocked, id=12828, stack(0x0000002467900000,0x0000002467a00000)]
  0x0000019e69d4b560 JavaThread "http-nio-8181-exec-8" daemon [_thread_blocked, id=15080, stack(0x0000002467a00000,0x0000002467b00000)]
  0x0000019e6ebd7790 JavaThread "http-nio-8181-exec-9" daemon [_thread_blocked, id=14240, stack(0x0000002467b00000,0x0000002467c00000)]
  0x0000019e6ebd1750 JavaThread "http-nio-8181-exec-10" daemon [_thread_blocked, id=10640, stack(0x0000002467c00000,0x0000002467d00000)]
  0x0000019e6ebd8130 JavaThread "http-nio-8181-Poller" daemon [_thread_in_native, id=14164, stack(0x0000002467d00000,0x0000002467e00000)]
  0x0000019e6ebd42a0 JavaThread "http-nio-8181-Acceptor" daemon [_thread_in_native, id=16504, stack(0x0000002467e00000,0x0000002467f00000)]
  0x0000019e6ebd5f80 JavaThread "DestroyJavaVM" [_thread_blocked, id=11928, stack(0x0000002464300000,0x0000002464400000)]
  0x0000019e6ebd8600 JavaThread "RMI TCP Connection(2)-192.168.148.254" daemon [_thread_blocked, id=2676, stack(0x0000002467f00000,0x0000002468000000)]
  0x0000019e6ebd4770 JavaThread "RMI TCP Connection(3)-192.168.148.254" daemon [_thread_blocked, id=9528, stack(0x0000002468100000,0x0000002468200000)]
  0x0000019e6ebd4c40 JavaThread "JMX server connection timeout 269" daemon [_thread_blocked, id=19804, stack(0x0000002468200000,0x0000002468300000)]
  0x0000019e6ebd6450 JavaThread "JMX server connection timeout 270" daemon [_thread_blocked, id=18196, stack(0x0000002468000000,0x0000002468100000)]

Other Threads:
=>0x0000019e673b3260 VMThread "VM Thread" [stack: 0x0000002464900000,0x0000002464a00000] [id=21168]
  0x0000019e68438cb0 WatcherThread [stack: 0x0000002465900000,0x0000002465a00000] [id=23304]
  0x0000019e5119d550 GCTaskThread "GC Thread#0" [stack: 0x0000002464400000,0x0000002464500000] [id=5928]
  0x0000019e687af4f0 GCTaskThread "GC Thread#1" [stack: 0x0000002465a00000,0x0000002465b00000] [id=21436]
  0x0000019e687b74a0 GCTaskThread "GC Thread#2" [stack: 0x0000002465b00000,0x0000002465c00000] [id=1004]
  0x0000019e687b7960 GCTaskThread "GC Thread#3" [stack: 0x0000002465c00000,0x0000002465d00000] [id=16112]
  0x0000019e687de5d0 GCTaskThread "GC Thread#4" [stack: 0x0000002465d00000,0x0000002465e00000] [id=13352]
  0x0000019e687dede0 GCTaskThread "GC Thread#5" [stack: 0x0000002465e00000,0x0000002465f00000] [id=11604]
  0x0000019e687df8a0 GCTaskThread "GC Thread#6" [stack: 0x0000002465f00000,0x0000002466000000] [id=3040]
  0x0000019e687df5f0 GCTaskThread "GC Thread#7" [stack: 0x0000002466400000,0x0000002466500000] [id=16300]
  0x0000019e687de320 GCTaskThread "GC Thread#8" [stack: 0x0000002466500000,0x0000002466600000] [id=22388]
  0x0000019e687df340 GCTaskThread "GC Thread#9" [stack: 0x0000002466600000,0x0000002466700000] [id=18844]
  0x0000019e687df090 GCTaskThread "GC Thread#10" [stack: 0x0000002466700000,0x0000002466800000] [id=15196]
  0x0000019e69e687b0 GCTaskThread "GC Thread#11" [stack: 0x0000002466200000,0x0000002466300000] [id=6780]
  0x0000019e69e66770 GCTaskThread "GC Thread#12" [stack: 0x0000002466a00000,0x0000002466b00000] [id=12924]
  0x0000019e511ad220 ConcurrentGCThread "G1 Main Marker" [stack: 0x0000002464500000,0x0000002464600000] [id=5532]
  0x0000019e511adc30 ConcurrentGCThread "G1 Conc#0" [stack: 0x0000002464600000,0x0000002464700000] [id=5020]
  0x0000019e69e69270 ConcurrentGCThread "G1 Conc#1" [stack: 0x0000002466b00000,0x0000002466c00000] [id=1620]
  0x0000019e69e66a20 ConcurrentGCThread "G1 Conc#2" [stack: 0x0000002466c00000,0x0000002466d00000] [id=15364]
  0x0000019e672740e0 ConcurrentGCThread "G1 Refine#0" [stack: 0x0000002464700000,0x0000002464800000] [id=18740]
  0x0000019e67274b00 ConcurrentGCThread "G1 Service" [stack: 0x0000002464800000,0x0000002464900000] [id=4348]

Threads with active compile tasks:

VM state: at safepoint (normal execution)

VM Mutex/Monitor currently owned by a thread:  ([mutex/lock_event])
[0x0000019e5114fc80] Threads_lock - owner thread: 0x0000019e673b3260
[0x0000019e5114f5c0] Heap_lock - owner thread: 0x0000019e6ebd4770

Heap address: 0x0000000722800000, size: 3544 MB, Compressed Oops mode: Zero based, Oop shift amount: 3

CDS archive(s) mapped at: [0x0000000800000000-0x0000000800bc0000-0x0000000800bc0000), size 12320768, SharedBaseAddress: 0x0000000800000000, ArchiveRelocationMode: 0.
Compressed class space mapped at: 0x0000000800c00000-0x0000000840c00000, reserved size: 1073741824
Narrow klass base: 0x0000000800000000, Narrow klass shift: 0, Narrow klass range: 0x100000000

GC Precious Log:
 CPUs: 16 total, 16 available
 Memory: 14170M
 Large Page Support: Disabled
 NUMA Support: Disabled
 Compressed Oops: Enabled (Zero based)
 Heap Region Size: 2M
 Heap Min Capacity: 8M
 Heap Initial Capacity: 222M
 Heap Max Capacity: 3544M
 Pre-touch: Disabled
 Parallel Workers: 13
 Concurrent Workers: 3
 Concurrent Refinement Workers: 13
 Periodic GC: Disabled

Heap:
 garbage-first heap   total 227328K, used 87326K [0x0000000722800000, 0x0000000800000000)
  region size 2048K, 3 young (6144K), 3 survivors (6144K)
 Metaspace       used 84676K, committed 85312K, reserved 1122304K
  class space    used 11817K, committed 12096K, reserved 1048576K

Heap Regions: E=young(eden), S=young(survivor), O=old, HS=humongous(starts), HC=humongous(continues), CS=collection set, F=free, OA=open archive, CA=closed archive, TAMS=top-at-mark-start (previous, next)
|   0|0x0000000722800000, 0x0000000722a00000, 0x0000000722a00000|100%| O|  |TAMS 0x0000000722a00000, 0x0000000722a00000| Untracked 
|   1|0x0000000722a00000, 0x0000000722c00000, 0x0000000722c00000|100%| O|  |TAMS 0x0000000722c00000, 0x0000000722c00000| Untracked 
|   2|0x0000000722c00000, 0x0000000722e00000, 0x0000000722e00000|100%| O|  |TAMS 0x0000000722e00000, 0x0000000722e00000| Untracked 
|   3|0x0000000722e00000, 0x0000000722ff7a00, 0x0000000723000000| 98%| O|  |TAMS 0x0000000722ff7a00, 0x0000000722ff7a00| Untracked 
|   4|0x0000000723000000, 0x0000000723200000, 0x0000000723200000|100%| O|  |TAMS 0x0000000723200000, 0x0000000723200000| Untracked 
|   5|0x0000000723200000, 0x0000000723400000, 0x0000000723400000|100%| O|  |TAMS 0x0000000723400000, 0x0000000723400000| Untracked 
|   6|0x0000000723400000, 0x0000000723600000, 0x0000000723600000|100%| O|  |TAMS 0x0000000723600000, 0x0000000723600000| Untracked 
|   7|0x0000000723600000, 0x0000000723800000, 0x0000000723800000|100%| O|  |TAMS 0x0000000723800000, 0x0000000723800000| Untracked 
|   8|0x0000000723800000, 0x0000000723a00000, 0x0000000723a00000|100%| O|  |TAMS 0x0000000723a00000, 0x0000000723a00000| Untracked 
|   9|0x0000000723a00000, 0x0000000723c00000, 0x0000000723c00000|100%| O|  |TAMS 0x0000000723c00000, 0x0000000723c00000| Untracked 
|  10|0x0000000723c00000, 0x0000000723e00000, 0x0000000723e00000|100%| O|  |TAMS 0x0000000723e00000, 0x0000000723e00000| Untracked 
|  11|0x0000000723e00000, 0x0000000724000000, 0x0000000724000000|100%| O|  |TAMS 0x0000000724000000, 0x0000000724000000| Untracked 
|  12|0x0000000724000000, 0x0000000724200000, 0x0000000724200000|100%| O|  |TAMS 0x0000000724200000, 0x0000000724200000| Untracked 
|  13|0x0000000724200000, 0x0000000724400000, 0x0000000724400000|100%| O|  |TAMS 0x0000000724400000, 0x0000000724400000| Untracked 
|  14|0x0000000724400000, 0x0000000724600000, 0x0000000724600000|100%| O|  |TAMS 0x0000000724600000, 0x0000000724600000| Untracked 
|  15|0x0000000724600000, 0x0000000724800000, 0x0000000724800000|100%| O|  |TAMS 0x0000000724800000, 0x0000000724800000| Untracked 
|  16|0x0000000724800000, 0x0000000724a00000, 0x0000000724a00000|100%| O|  |TAMS 0x0000000724a00000, 0x0000000724a00000| Untracked 
|  17|0x0000000724a00000, 0x0000000724c00000, 0x0000000724c00000|100%| O|  |TAMS 0x0000000724a00000, 0x0000000724c00000| Untracked 
|  18|0x0000000724c00000, 0x0000000724e00000, 0x0000000724e00000|100%| O|  |TAMS 0x0000000724e00000, 0x0000000724e00000| Untracked 
|  19|0x0000000724e00000, 0x0000000725000000, 0x0000000725000000|100%| O|  |TAMS 0x0000000725000000, 0x0000000725000000| Untracked 
|  20|0x0000000725000000, 0x0000000725200000, 0x0000000725200000|100%| O|  |TAMS 0x0000000725200000, 0x0000000725200000| Untracked 
|  21|0x0000000725200000, 0x0000000725400000, 0x0000000725400000|100%| O|  |TAMS 0x0000000725200000, 0x0000000725400000| Untracked 
|  22|0x0000000725400000, 0x00000007255f8600, 0x0000000725600000| 98%| O|  |TAMS 0x0000000725400000, 0x00000007255f8600| Untracked 
|  23|0x0000000725600000, 0x0000000725600000, 0x0000000725800000|  0%| F|  |TAMS 0x0000000725600000, 0x0000000725600000| Untracked 
|  24|0x0000000725800000, 0x0000000725800000, 0x0000000725a00000|  0%| F|  |TAMS 0x0000000725800000, 0x0000000725800000| Untracked 
|  25|0x0000000725a00000, 0x0000000725a00000, 0x0000000725c00000|  0%| F|  |TAMS 0x0000000725a00000, 0x0000000725a00000| Untracked 
|  26|0x0000000725c00000, 0x0000000725e00000, 0x0000000725e00000|100%| O|  |TAMS 0x0000000725e00000, 0x0000000725e00000| Untracked 
|  27|0x0000000725e00000, 0x0000000725e00000, 0x0000000726000000|  0%| F|  |TAMS 0x0000000725e00000, 0x0000000725e00000| Untracked 
|  28|0x0000000726000000, 0x0000000726200000, 0x0000000726200000|100%| O|  |TAMS 0x0000000726200000, 0x0000000726200000| Untracked 
|  29|0x0000000726200000, 0x0000000726400000, 0x0000000726400000|100%| O|  |TAMS 0x0000000726400000, 0x0000000726400000| Untracked 
|  30|0x0000000726400000, 0x0000000726600000, 0x0000000726600000|100%| O|  |TAMS 0x0000000726600000, 0x0000000726600000| Untracked 
|  31|0x0000000726600000, 0x0000000726800000, 0x0000000726800000|100%| O|  |TAMS 0x0000000726667c00, 0x0000000726800000| Untracked 
|  32|0x0000000726800000, 0x0000000726a00000, 0x0000000726a00000|100%| O|  |TAMS 0x0000000726800000, 0x0000000726a00000| Untracked 
|  33|0x0000000726a00000, 0x0000000726c00000, 0x0000000726c00000|100%| O|  |TAMS 0x0000000726a00000, 0x0000000726c00000| Untracked 
|  34|0x0000000726c00000, 0x0000000726e00000, 0x0000000726e00000|100%| O|  |TAMS 0x0000000726c00000, 0x0000000726e00000| Untracked 
|  35|0x0000000726e00000, 0x0000000727000000, 0x0000000727000000|100%| O|  |TAMS 0x0000000726e00000, 0x0000000727000000| Untracked 
|  36|0x0000000727000000, 0x0000000727200000, 0x0000000727200000|100%| O|  |TAMS 0x0000000727000000, 0x0000000727200000| Untracked 
|  37|0x0000000727200000, 0x0000000727400000, 0x0000000727400000|100%| O|  |TAMS 0x0000000727200000, 0x0000000727400000| Untracked 
|  38|0x0000000727400000, 0x0000000727600000, 0x0000000727600000|100%| O|  |TAMS 0x0000000727400000, 0x0000000727600000| Untracked 
|  39|0x0000000727600000, 0x0000000727800000, 0x0000000727800000|100%| O|  |TAMS 0x0000000727600000, 0x0000000727800000| Untracked 
|  40|0x0000000727800000, 0x0000000727a00000, 0x0000000727a00000|100%| O|  |TAMS 0x0000000727800000, 0x0000000727a00000| Untracked 
|  41|0x0000000727a00000, 0x0000000727c00000, 0x0000000727c00000|100%| O|  |TAMS 0x0000000727a00000, 0x0000000727c00000| Untracked 
|  42|0x0000000727c00000, 0x0000000727e00000, 0x0000000727e00000|100%| O|  |TAMS 0x0000000727c00000, 0x0000000727e00000| Untracked 
|  43|0x0000000727e00000, 0x0000000728000000, 0x0000000728000000|100%| O|  |TAMS 0x0000000727e00000, 0x0000000728000000| Untracked 
|  44|0x0000000728000000, 0x0000000728000000, 0x0000000728200000|  0%| F|  |TAMS 0x0000000728000000, 0x0000000728000000| Untracked 
|  45|0x0000000728200000, 0x0000000728200000, 0x0000000728400000|  0%| F|  |TAMS 0x0000000728200000, 0x0000000728200000| Untracked 
|  46|0x0000000728400000, 0x0000000728400000, 0x0000000728600000|  0%| F|  |TAMS 0x0000000728400000, 0x0000000728400000| Untracked 
|  47|0x0000000728600000, 0x0000000728600000, 0x0000000728800000|  0%| F|  |TAMS 0x0000000728600000, 0x0000000728600000| Untracked 
|  48|0x0000000728800000, 0x0000000728800000, 0x0000000728a00000|  0%| F|  |TAMS 0x0000000728800000, 0x0000000728800000| Untracked 
|  49|0x0000000728a00000, 0x0000000728a00000, 0x0000000728c00000|  0%| F|  |TAMS 0x0000000728a00000, 0x0000000728a00000| Untracked 
|  50|0x0000000728c00000, 0x0000000728c00000, 0x0000000728e00000|  0%| F|  |TAMS 0x0000000728c00000, 0x0000000728c00000| Untracked 
|  51|0x0000000728e00000, 0x0000000728e00000, 0x0000000729000000|  0%| F|  |TAMS 0x0000000728e00000, 0x0000000728e00000| Untracked 
|  52|0x0000000729000000, 0x0000000729000000, 0x0000000729200000|  0%| F|  |TAMS 0x0000000729000000, 0x0000000729000000| Untracked 
|  53|0x0000000729200000, 0x0000000729200000, 0x0000000729400000|  0%| F|  |TAMS 0x0000000729200000, 0x0000000729200000| Untracked 
|  54|0x0000000729400000, 0x0000000729400000, 0x0000000729600000|  0%| F|  |TAMS 0x0000000729400000, 0x0000000729400000| Untracked 
|  55|0x0000000729600000, 0x0000000729600000, 0x0000000729800000|  0%| F|  |TAMS 0x0000000729600000, 0x0000000729600000| Untracked 
|  56|0x0000000729800000, 0x0000000729800000, 0x0000000729a00000|  0%| F|  |TAMS 0x0000000729800000, 0x0000000729800000| Untracked 
|  57|0x0000000729a00000, 0x0000000729a00000, 0x0000000729c00000|  0%| F|  |TAMS 0x0000000729a00000, 0x0000000729a00000| Untracked 
|  58|0x0000000729c00000, 0x0000000729d57880, 0x0000000729e00000| 67%| S|CS|TAMS 0x0000000729c00000, 0x0000000729c00000| Complete 
|  59|0x0000000729e00000, 0x000000072a000000, 0x000000072a000000|100%| S|CS|TAMS 0x0000000729e00000, 0x0000000729e00000| Complete 
|  60|0x000000072a000000, 0x000000072a200000, 0x000000072a200000|100%| S|CS|TAMS 0x000000072a000000, 0x000000072a000000| Complete 
|  61|0x000000072a200000, 0x000000072a200000, 0x000000072a400000|  0%| F|  |TAMS 0x000000072a200000, 0x000000072a200000| Untracked 
|  62|0x000000072a400000, 0x000000072a400000, 0x000000072a600000|  0%| F|  |TAMS 0x000000072a400000, 0x000000072a400000| Untracked 
|  63|0x000000072a600000, 0x000000072a600000, 0x000000072a800000|  0%| F|  |TAMS 0x000000072a600000, 0x000000072a600000| Untracked 
|  64|0x000000072a800000, 0x000000072a800000, 0x000000072aa00000|  0%| F|  |TAMS 0x000000072a800000, 0x000000072a800000| Untracked 
|  65|0x000000072aa00000, 0x000000072aa00000, 0x000000072ac00000|  0%| F|  |TAMS 0x000000072aa00000, 0x000000072aa00000| Untracked 
|  66|0x000000072ac00000, 0x000000072ac00000, 0x000000072ae00000|  0%| F|  |TAMS 0x000000072ac00000, 0x000000072ac00000| Untracked 
|  67|0x000000072ae00000, 0x000000072ae00000, 0x000000072b000000|  0%| F|  |TAMS 0x000000072ae00000, 0x000000072ae00000| Untracked 
|  68|0x000000072b000000, 0x000000072b000000, 0x000000072b200000|  0%| F|  |TAMS 0x000000072b000000, 0x000000072b000000| Untracked 
|  69|0x000000072b200000, 0x000000072b200000, 0x000000072b400000|  0%| F|  |TAMS 0x000000072b200000, 0x000000072b200000| Untracked 
|  70|0x000000072b400000, 0x000000072b400000, 0x000000072b600000|  0%| F|  |TAMS 0x000000072b400000, 0x000000072b400000| Untracked 
|  71|0x000000072b600000, 0x000000072b600000, 0x000000072b800000|  0%| F|  |TAMS 0x000000072b600000, 0x000000072b600000| Untracked 
|  72|0x000000072b800000, 0x000000072b800000, 0x000000072ba00000|  0%| F|  |TAMS 0x000000072b800000, 0x000000072b800000| Untracked 
|  73|0x000000072ba00000, 0x000000072ba00000, 0x000000072bc00000|  0%| F|  |TAMS 0x000000072ba00000, 0x000000072ba00000| Untracked 
|  74|0x000000072bc00000, 0x000000072bc00000, 0x000000072be00000|  0%| F|  |TAMS 0x000000072bc00000, 0x000000072bc00000| Untracked 
|  75|0x000000072be00000, 0x000000072be00000, 0x000000072c000000|  0%| F|  |TAMS 0x000000072be00000, 0x000000072be00000| Untracked 
|  76|0x000000072c000000, 0x000000072c000000, 0x000000072c200000|  0%| F|  |TAMS 0x000000072c000000, 0x000000072c000000| Untracked 
|  77|0x000000072c200000, 0x000000072c200000, 0x000000072c400000|  0%| F|  |TAMS 0x000000072c200000, 0x000000072c200000| Untracked 
|  78|0x000000072c400000, 0x000000072c400000, 0x000000072c600000|  0%| F|  |TAMS 0x000000072c400000, 0x000000072c400000| Untracked 
|  79|0x000000072c600000, 0x000000072c600000, 0x000000072c800000|  0%| F|  |TAMS 0x000000072c600000, 0x000000072c600000| Untracked 
|  80|0x000000072c800000, 0x000000072c800000, 0x000000072ca00000|  0%| F|  |TAMS 0x000000072c800000, 0x000000072c800000| Untracked 
|  81|0x000000072ca00000, 0x000000072ca00000, 0x000000072cc00000|  0%| F|  |TAMS 0x000000072ca00000, 0x000000072ca00000| Untracked 
|  82|0x000000072cc00000, 0x000000072cc00000, 0x000000072ce00000|  0%| F|  |TAMS 0x000000072cc00000, 0x000000072cc00000| Untracked 
|  83|0x000000072ce00000, 0x000000072ce00000, 0x000000072d000000|  0%| F|  |TAMS 0x000000072ce00000, 0x000000072ce00000| Untracked 
|  84|0x000000072d000000, 0x000000072d000000, 0x000000072d200000|  0%| F|  |TAMS 0x000000072d000000, 0x000000072d000000| Untracked 
|  85|0x000000072d200000, 0x000000072d200000, 0x000000072d400000|  0%| F|  |TAMS 0x000000072d200000, 0x000000072d200000| Untracked 
|  86|0x000000072d400000, 0x000000072d400000, 0x000000072d600000|  0%| F|  |TAMS 0x000000072d400000, 0x000000072d400000| Untracked 
|  87|0x000000072d600000, 0x000000072d600000, 0x000000072d800000|  0%| F|  |TAMS 0x000000072d600000, 0x000000072d600000| Untracked 
|  88|0x000000072d800000, 0x000000072d800000, 0x000000072da00000|  0%| F|  |TAMS 0x000000072d800000, 0x000000072d800000| Untracked 
|  89|0x000000072da00000, 0x000000072da00000, 0x000000072dc00000|  0%| F|  |TAMS 0x000000072da00000, 0x000000072da00000| Untracked 
|  90|0x000000072dc00000, 0x000000072dc00000, 0x000000072de00000|  0%| F|  |TAMS 0x000000072dc00000, 0x000000072dc00000| Untracked 
|  91|0x000000072de00000, 0x000000072de00000, 0x000000072e000000|  0%| F|  |TAMS 0x000000072de00000, 0x000000072de00000| Untracked 
|  92|0x000000072e000000, 0x000000072e000000, 0x000000072e200000|  0%| F|  |TAMS 0x000000072e000000, 0x000000072e000000| Untracked 
|  93|0x000000072e200000, 0x000000072e200000, 0x000000072e400000|  0%| F|  |TAMS 0x000000072e200000, 0x000000072e200000| Untracked 
|  94|0x000000072e400000, 0x000000072e400000, 0x000000072e600000|  0%| F|  |TAMS 0x000000072e400000, 0x000000072e400000| Untracked 
|  95|0x000000072e600000, 0x000000072e600000, 0x000000072e800000|  0%| F|  |TAMS 0x000000072e600000, 0x000000072e600000| Untracked 
|  96|0x000000072e800000, 0x000000072e800000, 0x000000072ea00000|  0%| F|  |TAMS 0x000000072e800000, 0x000000072e800000| Untracked 
|  97|0x000000072ea00000, 0x000000072ea00000, 0x000000072ec00000|  0%| F|  |TAMS 0x000000072ea00000, 0x000000072ea00000| Untracked 
|  98|0x000000072ec00000, 0x000000072ec00000, 0x000000072ee00000|  0%| F|  |TAMS 0x000000072ec00000, 0x000000072ec00000| Untracked 
|  99|0x000000072ee00000, 0x000000072ee00000, 0x000000072f000000|  0%| F|  |TAMS 0x000000072ee00000, 0x000000072ee00000| Untracked 
| 100|0x000000072f000000, 0x000000072f000000, 0x000000072f200000|  0%| F|  |TAMS 0x000000072f000000, 0x000000072f000000| Untracked 
| 101|0x000000072f200000, 0x000000072f200000, 0x000000072f400000|  0%| F|  |TAMS 0x000000072f200000, 0x000000072f200000| Untracked 
| 102|0x000000072f400000, 0x000000072f400000, 0x000000072f600000|  0%| F|  |TAMS 0x000000072f400000, 0x000000072f400000| Untracked 
| 103|0x000000072f600000, 0x000000072f600000, 0x000000072f800000|  0%| F|  |TAMS 0x000000072f600000, 0x000000072f600000| Untracked 
| 104|0x000000072f800000, 0x000000072f800000, 0x000000072fa00000|  0%| F|  |TAMS 0x000000072f800000, 0x000000072f800000| Untracked 
| 105|0x000000072fa00000, 0x000000072fa00000, 0x000000072fc00000|  0%| F|  |TAMS 0x000000072fa00000, 0x000000072fa00000| Untracked 
| 106|0x000000072fc00000, 0x000000072fc00000, 0x000000072fe00000|  0%| F|  |TAMS 0x000000072fc00000, 0x000000072fc00000| Untracked 
| 107|0x000000072fe00000, 0x000000072fe00000, 0x0000000730000000|  0%| F|  |TAMS 0x000000072fe00000, 0x000000072fe00000| Untracked 
| 108|0x0000000730000000, 0x0000000730000000, 0x0000000730200000|  0%| F|  |TAMS 0x0000000730000000, 0x0000000730000000| Untracked 
| 109|0x0000000730200000, 0x0000000730200000, 0x0000000730400000|  0%| F|  |TAMS 0x0000000730200000, 0x0000000730200000| Untracked 
| 110|0x0000000730400000, 0x0000000730400000, 0x0000000730600000|  0%| F|  |TAMS 0x0000000730400000, 0x0000000730400000| Untracked 

Card table byte_map: [0x0000019e5c6e0000,0x0000019e5cdd0000] _byte_map_base: 0x0000019e58dcc000

Marking Bits (Prev, Next): (CMBitMap*) 0x0000019e5119ebb0, (CMBitMap*) 0x0000019e5119eb70
 Prev Bits: [0x0000019e60c20000, 0x0000019e64380000)
 Next Bits: [0x0000019e5d4c0000, 0x0000019e60c20000)

Polling page: 0x0000019e4efe0000

Metaspace:

Usage:
  Non-class:     71.15 MB used.
      Class:     11.54 MB used.
       Both:     82.69 MB used.

Virtual space:
  Non-class space:       72.00 MB reserved,      71.50 MB (>99%) committed,  9 nodes.
      Class space:        1.00 GB reserved,      11.81 MB (  1%) committed,  1 nodes.
             Both:        1.07 GB reserved,      83.31 MB (  8%) committed. 

Chunk freelists:
   Non-Class:  560.00 KB
       Class:  208.00 KB
        Both:  768.00 KB

MaxMetaspaceSize: unlimited
CompressedClassSpaceSize: 1.00 GB
Initial GC threshold: 21.00 MB
Current GC threshold: 119.69 MB
CDS: on
MetaspaceReclaimPolicy: balanced
 - commit_granule_bytes: 65536.
 - commit_granule_words: 8192.
 - virtual_space_node_default_size: 1048576.
 - enlarge_chunks_in_place: 1.
 - new_chunks_are_fully_committed: 0.
 - uncommit_free_chunks: 1.
 - use_allocation_guard: 0.
 - handle_deallocations: 1.


Internal statistics:

num_allocs_failed_limit: 9.
num_arena_births: 962.
num_arena_deaths: 0.
num_vsnodes_births: 10.
num_vsnodes_deaths: 0.
num_space_committed: 1333.
num_space_uncommitted: 0.
num_chunks_returned_to_freelist: 9.
num_chunks_taken_from_freelist: 4074.
num_chunk_merges: 9.
num_chunk_splits: 2964.
num_chunks_enlarged: 2305.
num_purges: 0.
num_inconsistent_stats: 0.

CodeCache: size=49152Kb used=19240Kb max_used=19240Kb free=29911Kb
 bounds [0x0000019e58990000, 0x0000019e59c60000, 0x0000019e5b990000]
 total_blobs=9368 nmethods=8628 adapters=659
 compilation: enabled
              stopped_count=0, restarted_count=0
 full_count=0

Compilation events (20 events):
Event: 9.941 Thread 0x0000019e699b8df0 nmethod 8770 0x0000019e59c57210 code [0x0000019e59c573e0, 0x0000019e59c57628]
Event: 9.941 Thread 0x0000019e673a27e0 8773       1       com.fasterxml.jackson.databind.introspect.POJOPropertyBuilder::_findExplicitNames (54 bytes)
Event: 9.941 Thread 0x0000019e673a22d0 nmethod 8772 0x0000019e59c57810 code [0x0000019e59c579a0, 0x0000019e59c57ad8]
Event: 9.941 Thread 0x0000019e673a22d0 8774       1       com.fasterxml.jackson.databind.introspect.POJOPropertyBuilder::_trimByVisibility (11 bytes)
Event: 9.941 Thread 0x0000019e673a22d0 nmethod 8774 0x0000019e59c57b90 code [0x0000019e59c57d40, 0x0000019e59c57e68]
Event: 9.941 Thread 0x0000019e673a27e0 nmethod 8773 0x0000019e59c57f10 code [0x0000019e59c580c0, 0x0000019e59c58348]
Event: 9.942 Thread 0x0000019e699b8df0 8775       1       com.fasterxml.jackson.databind.SerializerProvider::getConfig (5 bytes)
Event: 9.942 Thread 0x0000019e699b8df0 nmethod 8775 0x0000019e59c58490 code [0x0000019e59c58620, 0x0000019e59c586f8]
Event: 9.942 Thread 0x0000019e673d34a0 8776       1       java.util.concurrent.locks.ReentrantLock::tryLock (8 bytes)
Event: 9.942 Thread 0x0000019e67e04230 8777       1       java.util.concurrent.locks.ReentrantLock$Sync::tryLock (63 bytes)
Event: 9.942 Thread 0x0000019e673a27e0 8778       1       com.fasterxml.jackson.databind.util.internal.PrivateMaxEntriesMap::checkNotNull (13 bytes)
Event: 9.942 Thread 0x0000019e673d34a0 nmethod 8776 0x0000019e59c58790 code [0x0000019e59c58920, 0x0000019e59c58a08]
Event: 9.942 Thread 0x0000019e673a27e0 nmethod 8778 0x0000019e59c58a90 code [0x0000019e59c58c20, 0x0000019e59c58d68]
Event: 9.942 Thread 0x0000019e673a27e0 8779       1       com.fasterxml.jackson.databind.introspect.AnnotatedWithParams::<init> (12 bytes)
Event: 9.942 Thread 0x0000019e699db5a0 8780       1       com.fasterxml.jackson.databind.util.internal.LinkedDeque::linkLast (37 bytes)
Event: 9.942 Thread 0x0000019e67e04230 nmethod 8777 0x0000019e59c58e10 code [0x0000019e59c58fc0, 0x0000019e59c59248]
Event: 9.942 Thread 0x0000019e673a27e0 nmethod 8779 0x0000019e59c59310 code [0x0000019e59c594a0, 0x0000019e59c59698]
Event: 9.942 Thread 0x0000019e673a22d0 8781       1       com.fasterxml.jackson.databind.introspect.POJOPropertyBuilder::_anyVisible (23 bytes)
Event: 9.942 Thread 0x0000019e673a22d0 nmethod 8781 0x0000019e59c59710 code [0x0000019e59c598a0, 0x0000019e59c599d8]
Event: 9.942 Thread 0x0000019e699db5a0 nmethod 8780 0x0000019e59c59a90 code [0x0000019e59c59c40, 0x0000019e59c59fd8]

GC Heap History (20 events):
Event: 7.223 GC heap after
{Heap after GC invocations=24 (full 0):
 garbage-first heap   total 108544K, used 37122K [0x0000000722800000, 0x0000000800000000)
  region size 2048K, 3 young (6144K), 3 survivors (6144K)
 Metaspace       used 70923K, committed 71488K, reserved 1114112K
  class space    used 10072K, committed 10304K, reserved 1048576K
}
Event: 7.588 GC heap before
{Heap before GC invocations=24 (full 0):
 garbage-first heap   total 108544K, used 84226K [0x0000000722800000, 0x0000000800000000)
  region size 2048K, 27 young (55296K), 3 survivors (6144K)
 Metaspace       used 72773K, committed 73408K, reserved 1114112K
  class space    used 10292K, committed 10560K, reserved 1048576K
}
Event: 7.595 GC heap after
{Heap after GC invocations=25 (full 0):
 garbage-first heap   total 108544K, used 46051K [0x0000000722800000, 0x0000000800000000)
  region size 2048K, 4 young (8192K), 4 survivors (8192K)
 Metaspace       used 72773K, committed 73408K, reserved 1114112K
  class space    used 10292K, committed 10560K, reserved 1048576K
}
Event: 7.718 GC heap before
{Heap before GC invocations=25 (full 0):
 garbage-first heap   total 108544K, used 80867K [0x0000000722800000, 0x0000000800000000)
  region size 2048K, 22 young (45056K), 4 survivors (8192K)
 Metaspace       used 72866K, committed 73536K, reserved 1114112K
  class space    used 10306K, committed 10624K, reserved 1048576K
}
Event: 7.726 GC heap after
{Heap after GC invocations=26 (full 0):
 garbage-first heap   total 108544K, used 54678K [0x0000000722800000, 0x0000000800000000)
  region size 2048K, 3 young (6144K), 3 survivors (6144K)
 Metaspace       used 72866K, committed 73536K, reserved 1114112K
  class space    used 10306K, committed 10624K, reserved 1048576K
}
Event: 7.761 GC heap before
{Heap before GC invocations=26 (full 0):
 garbage-first heap   total 108544K, used 79254K [0x0000000722800000, 0x0000000800000000)
  region size 2048K, 16 young (32768K), 3 survivors (6144K)
 Metaspace       used 72866K, committed 73536K, reserved 1114112K
  class space    used 10306K, committed 10624K, reserved 1048576K
}
Event: 7.767 GC heap after
{Heap after GC invocations=27 (full 0):
 garbage-first heap   total 108544K, used 61619K [0x0000000722800000, 0x0000000800000000)
  region size 2048K, 2 young (4096K), 2 survivors (4096K)
 Metaspace       used 72866K, committed 73536K, reserved 1114112K
  class space    used 10306K, committed 10624K, reserved 1048576K
}
Event: 7.873 GC heap before
{Heap before GC invocations=28 (full 0):
 garbage-first heap   total 120832K, used 80051K [0x0000000722800000, 0x0000000800000000)
  region size 2048K, 12 young (24576K), 2 survivors (4096K)
 Metaspace       used 72866K, committed 73536K, reserved 1114112K
  class space    used 10306K, committed 10624K, reserved 1048576K
}
Event: 7.878 GC heap after
{Heap after GC invocations=29 (full 0):
 garbage-first heap   total 120832K, used 67965K [0x0000000722800000, 0x0000000800000000)
  region size 2048K, 2 young (4096K), 2 survivors (4096K)
 Metaspace       used 72866K, committed 73536K, reserved 1114112K
  class space    used 10306K, committed 10624K, reserved 1048576K
}
Event: 7.899 GC heap before
{Heap before GC invocations=29 (full 0):
 garbage-first heap   total 120832K, used 88445K [0x0000000722800000, 0x0000000800000000)
  region size 2048K, 13 young (26624K), 2 survivors (4096K)
 Metaspace       used 72866K, committed 73536K, reserved 1114112K
  class space    used 10306K, committed 10624K, reserved 1048576K
}
Event: 7.903 GC heap after
{Heap after GC invocations=30 (full 0):
 garbage-first heap   total 169984K, used 73519K [0x0000000722800000, 0x0000000800000000)
  region size 2048K, 2 young (4096K), 2 survivors (4096K)
 Metaspace       used 72866K, committed 73536K, reserved 1114112K
  class space    used 10306K, committed 10624K, reserved 1048576K
}
Event: 8.075 GC heap before
{Heap before GC invocations=31 (full 0):
 garbage-first heap   total 169984K, used 116527K [0x0000000722800000, 0x0000000800000000)
  region size 2048K, 24 young (49152K), 2 survivors (4096K)
 Metaspace       used 72875K, committed 73536K, reserved 1114112K
  class space    used 10307K, committed 10624K, reserved 1048576K
}
Event: 8.083 GC heap after
{Heap after GC invocations=32 (full 0):
 garbage-first heap   total 169984K, used 85808K [0x0000000722800000, 0x0000000800000000)
  region size 2048K, 3 young (6144K), 3 survivors (6144K)
 Metaspace       used 72875K, committed 73536K, reserved 1114112K
  class space    used 10307K, committed 10624K, reserved 1048576K
}
Event: 8.084 GC heap before
{Heap before GC invocations=32 (full 0):
 garbage-first heap   total 169984K, used 87856K [0x0000000722800000, 0x0000000800000000)
  region size 2048K, 4 young (8192K), 3 survivors (6144K)
 Metaspace       used 72875K, committed 73536K, reserved 1114112K
  class space    used 10307K, committed 10624K, reserved 1048576K
}
Event: 8.090 GC heap after
{Heap after GC invocations=33 (full 0):
 garbage-first heap   total 169984K, used 74939K [0x0000000722800000, 0x0000000800000000)
  region size 2048K, 1 young (2048K), 1 survivors (2048K)
 Metaspace       used 72875K, committed 73536K, reserved 1114112K
  class space    used 10307K, committed 10624K, reserved 1048576K
}
Event: 8.471 GC heap before
{Heap before GC invocations=33 (full 0):
 garbage-first heap   total 169984K, used 117947K [0x0000000722800000, 0x0000000800000000)
  region size 2048K, 22 young (45056K), 1 survivors (2048K)
 Metaspace       used 74294K, committed 74944K, reserved 1114112K
  class space    used 10559K, committed 10880K, reserved 1048576K
}
Event: 8.476 GC heap after
{Heap after GC invocations=34 (full 0):
 garbage-first heap   total 169984K, used 81670K [0x0000000722800000, 0x0000000800000000)
  region size 2048K, 3 young (6144K), 3 survivors (6144K)
 Metaspace       used 74294K, committed 74944K, reserved 1114112K
  class space    used 10559K, committed 10880K, reserved 1048576K
}
Event: 8.915 GC heap before
{Heap before GC invocations=34 (full 0):
 garbage-first heap   total 169984K, used 122630K [0x0000000722800000, 0x0000000800000000)
  region size 2048K, 23 young (47104K), 3 survivors (6144K)
 Metaspace       used 76239K, committed 76800K, reserved 1122304K
  class space    used 10869K, committed 11136K, reserved 1048576K
}
Event: 8.921 GC heap after
{Heap after GC invocations=35 (full 0):
 garbage-first heap   total 169984K, used 85381K [0x0000000722800000, 0x0000000800000000)
  region size 2048K, 2 young (4096K), 2 survivors (4096K)
 Metaspace       used 76239K, committed 76800K, reserved 1122304K
  class space    used 10869K, committed 11136K, reserved 1048576K
}
Event: 9.943 GC heap before
{Heap before GC invocations=35 (full 0):
 garbage-first heap   total 169984K, used 126341K [0x0000000722800000, 0x0000000800000000)
  region size 2048K, 22 young (45056K), 2 survivors (4096K)
 Metaspace       used 84676K, committed 85312K, reserved 1122304K
  class space    used 11817K, committed 12096K, reserved 1048576K
}

Deoptimization events (20 events):
Event: 2.908 Thread 0x0000019e51152d40 DEOPT PACKING pc=0x0000019e5940a70a sp=0x00000024643fdf30
Event: 2.908 Thread 0x0000019e51152d40 DEOPT UNPACKING pc=0x0000019e589e2b43 sp=0x00000024643fd4c8 mode 0
Event: 3.449 Thread 0x0000019e51152d40 DEOPT PACKING pc=0x0000019e594ac125 sp=0x00000024643fc8c0
Event: 3.449 Thread 0x0000019e51152d40 DEOPT UNPACKING pc=0x0000019e589e2b43 sp=0x00000024643fbe28 mode 3
Event: 3.736 Thread 0x0000019e6a272050 DEOPT PACKING pc=0x0000019e58f0091f sp=0x00000024672fefc0
Event: 3.736 Thread 0x0000019e6a272050 DEOPT UNPACKING pc=0x0000019e589e2b43 sp=0x00000024672fe418 mode 3
Event: 4.008 Thread 0x0000019e51152d40 DEOPT PACKING pc=0x0000019e595617e4 sp=0x00000024643fcf50
Event: 4.008 Thread 0x0000019e51152d40 DEOPT UNPACKING pc=0x0000019e589e2b43 sp=0x00000024643fc480 mode 0
Event: 4.058 Thread 0x0000019e51152d40 DEOPT PACKING pc=0x0000019e595cef17 sp=0x00000024643fd0f0
Event: 4.058 Thread 0x0000019e51152d40 DEOPT UNPACKING pc=0x0000019e589e2b43 sp=0x00000024643fc680 mode 3
Event: 4.198 Thread 0x0000019e6989c170 DEOPT PACKING pc=0x0000019e594e7384 sp=0x00000024660ff0e0
Event: 4.198 Thread 0x0000019e6989c170 DEOPT UNPACKING pc=0x0000019e589e2b43 sp=0x00000024660fe5f8 mode 0
Event: 4.198 Thread 0x0000019e6989c170 DEOPT PACKING pc=0x0000019e58db0fc4 sp=0x00000024660ff1b0
Event: 4.198 Thread 0x0000019e6989c170 DEOPT UNPACKING pc=0x0000019e589e2b43 sp=0x00000024660fe698 mode 0
Event: 6.638 Thread 0x0000019e51152d40 DEOPT PACKING pc=0x0000019e59148654 sp=0x00000024643fbae0
Event: 6.639 Thread 0x0000019e51152d40 DEOPT UNPACKING pc=0x0000019e589e2b43 sp=0x00000024643fb038 mode 0
Event: 7.152 Thread 0x0000019e51152d40 DEOPT PACKING pc=0x0000019e5911be62 sp=0x00000024643fe130
Event: 7.152 Thread 0x0000019e51152d40 DEOPT UNPACKING pc=0x0000019e589e2b43 sp=0x00000024643fd638 mode 3
Event: 7.495 Thread 0x0000019e51152d40 DEOPT PACKING pc=0x0000019e59a50a93 sp=0x00000024643fd260
Event: 7.495 Thread 0x0000019e51152d40 DEOPT UNPACKING pc=0x0000019e589e2b43 sp=0x00000024643fc7a8 mode 3

Classes unloaded (0 events):
No events

Classes redefined (0 events):
No events

Internal exceptions (20 events):
Event: 8.030 Thread 0x0000019e69d4bf00 Exception <a 'sun/nio/fs/WindowsException'{0x000000072c0b48a8}> (0x000000072c0b48a8) 
thrown [t:\workspace\open\src\hotspot\share\prims\jni.cpp, line 516]
Event: 8.030 Thread 0x0000019e69d4bf00 Exception <a 'sun/nio/fs/WindowsException'{0x000000072c0b4c00}> (0x000000072c0b4c00) 
thrown [t:\workspace\open\src\hotspot\share\prims\jni.cpp, line 516]
Event: 8.030 Thread 0x0000019e69d4bf00 Exception <a 'sun/nio/fs/WindowsException'{0x000000072c0b5590}> (0x000000072c0b5590) 
thrown [t:\workspace\open\src\hotspot\share\prims\jni.cpp, line 516]
Event: 8.030 Thread 0x0000019e69d4bf00 Exception <a 'sun/nio/fs/WindowsException'{0x000000072c0b58e0}> (0x000000072c0b58e0) 
thrown [t:\workspace\open\src\hotspot\share\prims\jni.cpp, line 516]
Event: 8.145 Thread 0x0000019e51152d40 Exception <a 'java/lang/NoSuchMethodError'{0x000000072bfb0310}: 'void java.lang.invoke.DirectMethodHandle$Holder.invokeVirtual(java.lang.Object, java.lang.Object, long)'> (0x000000072bfb0310) 
thrown [t:\workspace\open\src\hotspot\share\interpreter\linkResolver.cpp, line 766]
Event: 8.262 Thread 0x0000019e6989c170 Exception <a 'java/lang/reflect/InvocationTargetException'{0x000000072b5c0d68}> (0x000000072b5c0d68) 
thrown [t:\workspace\open\src\hotspot\share\runtime\reflection.cpp, line 1121]
Event: 8.349 Thread 0x0000019e51152d40 Exception <a 'java/lang/IncompatibleClassChangeError'{0x000000072ad6c6d8}: Found class java.lang.Object, but interface was expected> (0x000000072ad6c6d8) 
thrown [t:\workspace\open\src\hotspot\share\interpreter\linkResolver.cpp, line 833]
Event: 8.377 Thread 0x0000019e51152d40 Exception <a 'java/lang/NoSuchMethodError'{0x000000072a82d9b8}: 'java.lang.Object java.lang.invoke.DirectMethodHandle$Holder.newInvokeSpecial(java.lang.Object, java.lang.Object, java.lang.Object, java.lang.Object, java.lang.Object, java.lang.Object, java.lang.Object, java.lang.Object, java.lang.Object)'> (0x000000072a82d9b8) 
thrown [t:\workspace\open\src\hotspot\share\interpreter\linkResolver.cpp, line 766]
Event: 8.377 Thread 0x0000019e51152d40 Exception <a 'java/lang/NoSuchMethodError'{0x000000072a8326b0}: 'java.lang.Object java.lang.invoke.Invokers$Holder.linkToTargetMethod(java.lang.Object, java.lang.Object, java.lang.Object, java.lang.Object, java.lang.Object, java.lang.Object, java.lang.Object, java.lang.Object, java.lang.Object)'> (0x000000072a8326b0) 
thrown [t:\workspace\open\src\hotspot\share\interpreter\linkResolver.cpp, line 766]
Event: 8.678 Thread 0x0000019e51152d40 Exception <a 'java/lang/NoSuchMethodError'{0x000000072ba5c048}: 'double java.lang.invoke.DirectMethodHandle$Holder.invokeStatic(java.lang.Object, java.lang.Object)'> (0x000000072ba5c048) 
thrown [t:\workspace\open\src\hotspot\share\interpreter\linkResolver.cpp, line 766]
Event: 8.812 Thread 0x0000019e51152d40 Exception <a 'java/lang/NoSuchMethodError'{0x000000072aeeee50}: 'void java.lang.invoke.DirectMethodHandle$Holder.invokeVirtual(java.lang.Object, java.lang.Object, float)'> (0x000000072aeeee50) 
thrown [t:\workspace\open\src\hotspot\share\interpreter\linkResolver.cpp, line 766]
Event: 8.927 Thread 0x0000019e68325a20 Exception <a 'java/lang/NoSuchMethodError'{0x0000000730415a10}: 'long java.lang.invoke.DirectMethodHandle$Holder.invokeStatic(java.lang.Object, java.lang.Object, java.lang.Object)'> (0x0000000730415a10) 
thrown [t:\workspace\open\src\hotspot\share\interpreter\linkResolver.cpp, line 766]
Event: 9.280 Thread 0x0000019e69d4b560 Exception <a 'java/lang/NoSuchMethodError'{0x000000072b74b7f8}: 'java.lang.Object java.lang.invoke.DirectMethodHandle$Holder.newInvokeSpecial(java.lang.Object, long)'> (0x000000072b74b7f8) 
thrown [t:\workspace\open\src\hotspot\share\interpreter\linkResolver.cpp, line 766]
Event: 9.428 Thread 0x0000019e51152d40 Exception <a 'java/lang/NoSuchMethodError'{0x000000072b1775e8}: 'void java.lang.invoke.DirectMethodHandle$Holder.invokeStatic(java.lang.Object, java.lang.Object, double)'> (0x000000072b1775e8) 
thrown [t:\workspace\open\src\hotspot\share\interpreter\linkResolver.cpp, line 766]
Event: 9.438 Thread 0x0000019e51152d40 Exception <a 'java/lang/NoSuchMethodError'{0x000000072b1c9f00}: 'double java.lang.invoke.DirectMethodHandle$Holder.invokeStatic(java.lang.Object, java.lang.Object, java.lang.Object)'> (0x000000072b1c9f00) 
thrown [t:\workspace\open\src\hotspot\share\interpreter\linkResolver.cpp, line 766]
Event: 9.452 Thread 0x0000019e51152d40 Exception <a 'java/lang/IncompatibleClassChangeError'{0x000000072ae6f6b8}: Found class java.lang.Object, but interface was expected> (0x000000072ae6f6b8) 
thrown [t:\workspace\open\src\hotspot\share\interpreter\linkResolver.cpp, line 833]
Event: 9.456 Thread 0x0000019e51152d40 Exception <a 'java/lang/NoSuchMethodError'{0x000000072aea17a0}: 'java.lang.Object java.lang.invoke.DirectMethodHandle$Holder.newInvokeSpecial(java.lang.Object, java.lang.Object, int, java.lang.Object, java.lang.Object)'> (0x000000072aea17a0) 
thrown [t:\workspace\open\src\hotspot\share\interpreter\linkResolver.cpp, line 766]
Event: 9.456 Thread 0x0000019e51152d40 Exception <a 'java/lang/NoSuchMethodError'{0x000000072aeacd20}: 'java.lang.Object java.lang.invoke.DirectMethodHandle$Holder.invokeSpecial(java.lang.Object, java.lang.Object, int, java.lang.Object, int, java.lang.Object)'> (0x000000072aeacd20) 
thrown [t:\workspace\open\src\hotspot\share\interpreter\linkResolver.cpp, line 766]
Event: 9.457 Thread 0x0000019e51152d40 Exception <a 'java/lang/NoSuchMethodError'{0x000000072aeb4b28}: 'java.lang.Object java.lang.invoke.DirectMethodHandle$Holder.newInvokeSpecial(java.lang.Object, java.lang.Object, int, java.lang.Object, int)'> (0x000000072aeb4b28) 
thrown [t:\workspace\open\src\hotspot\share\interpreter\linkResolver.cpp, line 766]
Event: 9.457 Thread 0x0000019e51152d40 Exception <a 'java/lang/NoSuchMethodError'{0x000000072aeb8c28}: 'java.lang.Object java.lang.invoke.DirectMethodHandle$Holder.invokeSpecial(java.lang.Object, java.lang.Object, java.lang.Object, int, java.lang.Object, int)'> (0x000000072aeb8c28) 
thrown [t:\workspace\open\src\hotspot\share\interpreter\linkResolver.cpp, line 766]

VM Operations (20 events):
Event: 8.993 Executing VM operation: HandshakeAllThreads done
Event: 8.993 Executing VM operation: HandshakeAllThreads
Event: 8.993 Executing VM operation: HandshakeAllThreads done
Event: 9.004 Executing VM operation: HandshakeAllThreads
Event: 9.004 Executing VM operation: HandshakeAllThreads done
Event: 9.250 Executing VM operation: HandshakeAllThreads
Event: 9.250 Executing VM operation: HandshakeAllThreads done
Event: 9.433 Executing VM operation: HandshakeAllThreads
Event: 9.433 Executing VM operation: HandshakeAllThreads done
Event: 9.441 Executing VM operation: HandshakeAllThreads
Event: 9.441 Executing VM operation: HandshakeAllThreads done
Event: 9.460 Executing VM operation: HandshakeAllThreads
Event: 9.460 Executing VM operation: HandshakeAllThreads done
Event: 9.841 Executing VM operation: HandshakeAllThreads
Event: 9.841 Executing VM operation: HandshakeAllThreads done
Event: 9.938 Executing VM operation: HandshakeAllThreads
Event: 9.938 Executing VM operation: HandshakeAllThreads done
Event: 9.938 Executing VM operation: Cleanup
Event: 9.938 Executing VM operation: Cleanup done
Event: 9.943 Executing VM operation: G1CollectForAllocation

Events (20 events):
Event: 9.815 Thread 0x0000019e6ebd1c20 Thread exited: 0x0000019e6ebd1c20
Event: 9.816 Thread 0x0000019e6ebd4c40 Thread added: 0x0000019e6ebd4c40
Event: 9.816 Thread 0x0000019e6ebd4770 Thread added: 0x0000019e6ebd4770
Event: 9.817 Thread 0x0000019e6ebd0db0 Thread added: 0x0000019e6ebd0db0
Event: 9.818 loading class javax/management/remote/rmi/RMIConnector$Util
Event: 9.819 loading class javax/management/remote/rmi/RMIConnector$Util done
Event: 9.821 Thread 0x0000019e6ebd0db0 Thread exited: 0x0000019e6ebd0db0
Event: 9.822 Thread 0x0000019e6ebd72c0 Thread added: 0x0000019e6ebd72c0
Event: 9.827 Thread 0x0000019e6ebd72c0 Thread exited: 0x0000019e6ebd72c0
Event: 9.874 loading class jdk/internal/vm/annotation/ForceInline
Event: 9.874 loading class jdk/internal/vm/annotation/ForceInline done
Event: 9.908 Thread 0x0000019e6ebd4c40 Thread exited: 0x0000019e6ebd4c40
Event: 9.909 Thread 0x0000019e6ebd6450 Thread added: 0x0000019e6ebd6450
Event: 9.909 Thread 0x0000019e6ebd7c60 Thread added: 0x0000019e6ebd7c60
Event: 9.911 loading class java/util/concurrent/locks/ReentrantReadWriteLock$Sync$HoldCounter
Event: 9.912 loading class java/util/concurrent/locks/ReentrantReadWriteLock$Sync$HoldCounter done
Event: 9.918 Thread 0x0000019e6ebd7c60 Thread exited: 0x0000019e6ebd7c60
Event: 9.919 Thread 0x0000019e6ebd6450 Thread exited: 0x0000019e6ebd6450
Event: 9.919 Thread 0x0000019e6ebd4c40 Thread added: 0x0000019e6ebd4c40
Event: 9.920 Thread 0x0000019e6ebd6450 Thread added: 0x0000019e6ebd6450


Dynamic libraries:
0x00007ff740650000 - 0x00007ff740660000 	C:\Program Files\Java\jdk-17.0.2\bin\java.exe
0x00007ff948d50000 - 0x00007ff948f66000 	C:\WINDOWS\SYSTEM32\ntdll.dll
0x00007ff9478f0000 - 0x00007ff9479b4000 	C:\WINDOWS\System32\KERNEL32.DLL
0x00007ff946210000 - 0x00007ff9465b6000 	C:\WINDOWS\System32\KERNELBASE.dll
0x00007ff9460f0000 - 0x00007ff946201000 	C:\WINDOWS\System32\ucrtbase.dll
0x00007ff9321e0000 - 0x00007ff9321f8000 	C:\Program Files\Java\jdk-17.0.2\bin\jli.dll
0x00007ff9321c0000 - 0x00007ff9321da000 	C:\Program Files\Java\jdk-17.0.2\bin\VCRUNTIME140.dll
0x00007ff946c80000 - 0x00007ff946d32000 	C:\WINDOWS\System32\ADVAPI32.dll
0x00007ff9477c0000 - 0x00007ff947867000 	C:\WINDOWS\System32\msvcrt.dll
0x00007ff947d50000 - 0x00007ff947df8000 	C:\WINDOWS\System32\sechost.dll
0x00007ff946090000 - 0x00007ff9460b8000 	C:\WINDOWS\System32\bcrypt.dll
0x00007ff947c30000 - 0x00007ff947d45000 	C:\WINDOWS\System32\RPCRT4.dll
0x00007ff946aa0000 - 0x00007ff946c4d000 	C:\WINDOWS\System32\USER32.dll
0x00007ff9460c0000 - 0x00007ff9460e6000 	C:\WINDOWS\System32\win32u.dll
0x00007ff947790000 - 0x00007ff9477b9000 	C:\WINDOWS\System32\GDI32.dll
0x00007ff931120000 - 0x00007ff9313b3000 	C:\WINDOWS\WinSxS\amd64_microsoft.windows.common-controls_6595b64144ccf1df_6.0.22621.3235_none_270f74e173860f98\COMCTL32.dll
0x00007ff946680000 - 0x00007ff946798000 	C:\WINDOWS\System32\gdi32full.dll
0x00007ff946810000 - 0x00007ff9468aa000 	C:\WINDOWS\System32\msvcp_win.dll
0x00007ff93d5f0000 - 0x00007ff93d5fa000 	C:\WINDOWS\SYSTEM32\VERSION.dll
0x00007ff9476d0000 - 0x00007ff947701000 	C:\WINDOWS\System32\IMM32.DLL
0x00007ff933e10000 - 0x00007ff933e1c000 	C:\Program Files\Java\jdk-17.0.2\bin\vcruntime140_1.dll
0x00007ff90f850000 - 0x00007ff90f8dd000 	C:\Program Files\Java\jdk-17.0.2\bin\msvcp140.dll
0x00007ff8f1840000 - 0x00007ff8f2401000 	C:\Program Files\Java\jdk-17.0.2\bin\server\jvm.dll
0x00007ff946c70000 - 0x00007ff946c78000 	C:\WINDOWS\System32\PSAPI.DLL
0x00007ff93dcb0000 - 0x00007ff93dcb9000 	C:\WINDOWS\SYSTEM32\WSOCK32.dll
0x00007ff93dfe0000 - 0x00007ff93e014000 	C:\WINDOWS\SYSTEM32\WINMM.dll
0x00007ff947710000 - 0x00007ff947781000 	C:\WINDOWS\System32\WS2_32.dll
0x00007ff945090000 - 0x00007ff9450a8000 	C:\WINDOWS\SYSTEM32\kernel.appcore.dll
0x00007ff933dc0000 - 0x00007ff933dca000 	C:\Program Files\Java\jdk-17.0.2\bin\jimage.dll
0x00007ff943a30000 - 0x00007ff943c63000 	C:\WINDOWS\SYSTEM32\DBGHELP.DLL
0x00007ff948010000 - 0x00007ff948398000 	C:\WINDOWS\System32\combase.dll
0x00007ff946d40000 - 0x00007ff946e17000 	C:\WINDOWS\System32\OLEAUT32.dll
0x00007ff936c20000 - 0x00007ff936c52000 	C:\WINDOWS\SYSTEM32\dbgcore.DLL
0x00007ff9468b0000 - 0x00007ff94692a000 	C:\WINDOWS\System32\bcryptPrimitives.dll
0x00007ff932250000 - 0x00007ff93225e000 	C:\Program Files\Java\jdk-17.0.2\bin\instrument.dll
0x00007ff931bf0000 - 0x00007ff931c15000 	C:\Program Files\Java\jdk-17.0.2\bin\java.dll
0x00007ff907180000 - 0x00007ff907256000 	C:\Program Files\Java\jdk-17.0.2\bin\jsvml.dll
0x00007ff946e20000 - 0x00007ff94767d000 	C:\WINDOWS\System32\SHELL32.dll
0x00007ff943fa0000 - 0x00007ff944898000 	C:\WINDOWS\SYSTEM32\windows.storage.dll
0x00007ff943e60000 - 0x00007ff943f9e000 	C:\WINDOWS\SYSTEM32\wintypes.dll
0x00007ff947f10000 - 0x00007ff948003000 	C:\WINDOWS\System32\SHCORE.dll
0x00007ff947eb0000 - 0x00007ff947f0e000 	C:\WINDOWS\System32\shlwapi.dll
0x00007ff945fc0000 - 0x00007ff945fe6000 	C:\WINDOWS\SYSTEM32\profapi.dll
0x00007ff92fbe0000 - 0x00007ff92fbf8000 	C:\Program Files\Java\jdk-17.0.2\bin\zip.dll
0x00007ff931ac0000 - 0x00007ff931ad9000 	C:\Program Files\Java\jdk-17.0.2\bin\net.dll
0x00007ff9401a0000 - 0x00007ff9402d7000 	C:\WINDOWS\SYSTEM32\WINHTTP.dll
0x00007ff945500000 - 0x00007ff945569000 	C:\WINDOWS\system32\mswsock.dll
0x00007ff92fce0000 - 0x00007ff92fcf6000 	C:\Program Files\Java\jdk-17.0.2\bin\nio.dll
0x00007ff932210000 - 0x00007ff93222a000 	C:\Users\pflat\AppData\Local\Programs\IntelliJ IDEA Ultimate\bin\breakgen64.dll
0x00007ff944b70000 - 0x00007ff944c69000 	C:\WINDOWS\SYSTEM32\DNSAPI.dll
0x00007ff944b00000 - 0x00007ff944b2d000 	C:\WINDOWS\SYSTEM32\IPHLPAPI.DLL
0x00007ff947c20000 - 0x00007ff947c29000 	C:\WINDOWS\System32\NSI.dll
0x00007ff93e2b0000 - 0x00007ff93e2ba000 	C:\Windows\System32\rasadhlp.dll
0x00007ff93e2c0000 - 0x00007ff93e343000 	C:\WINDOWS\System32\fwpuclnt.dll
0x00007ff932240000 - 0x00007ff932249000 	C:\Program Files\Java\jdk-17.0.2\bin\management.dll
0x00007ff932230000 - 0x00007ff93223b000 	C:\Program Files\Java\jdk-17.0.2\bin\management_ext.dll
0x00007ff945850000 - 0x00007ff94586b000 	C:\WINDOWS\SYSTEM32\CRYPTSP.dll
0x00007ff944ff0000 - 0x00007ff945025000 	C:\WINDOWS\system32\rsaenh.dll
0x00007ff9455a0000 - 0x00007ff9455cc000 	C:\WINDOWS\SYSTEM32\USERENV.dll
0x00007ff945830000 - 0x00007ff94583c000 	C:\WINDOWS\SYSTEM32\CRYPTBASE.dll
0x00007ff93f610000 - 0x00007ff93f629000 	C:\WINDOWS\SYSTEM32\dhcpcsvc6.DLL
0x00007ff93f570000 - 0x00007ff93f58f000 	C:\WINDOWS\SYSTEM32\dhcpcsvc.DLL
0x00007ff93ef30000 - 0x00007ff93ef47000 	C:\WINDOWS\system32\napinsp.dll
0x00007ff93e0a0000 - 0x00007ff93e0bb000 	C:\WINDOWS\system32\pnrpnsp.dll
0x00007ff925a20000 - 0x00007ff925a31000 	C:\WINDOWS\System32\winrnr.dll
0x00007ff917eb0000 - 0x00007ff917ec5000 	C:\WINDOWS\system32\wshbth.dll
0x00007ff907aa0000 - 0x00007ff907ac1000 	C:\WINDOWS\system32\nlansp_c.dll
0x00007ff93e020000 - 0x00007ff93e02e000 	C:\Program Files\Java\jdk-17.0.2\bin\sunmscapi.dll
0x00007ff946930000 - 0x00007ff946a96000 	C:\WINDOWS\System32\CRYPT32.dll
0x00007ff945940000 - 0x00007ff94596e000 	C:\WINDOWS\SYSTEM32\ncrypt.dll
0x00007ff945900000 - 0x00007ff945937000 	C:\WINDOWS\SYSTEM32\NTASN1.dll
0x00007ff932ac0000 - 0x00007ff932ad0000 	C:\Program Files\Java\jdk-17.0.2\bin\verify.dll
0x00007ff93a9d0000 - 0x00007ff93a9d8000 	C:\WINDOWS\system32\wshunix.dll

dbghelp: loaded successfully - version: 4.0.5 - missing functions: none
symbol engine: initialized successfully - sym options: 0x614 - pdb path: .;C:\Program Files\Java\jdk-17.0.2\bin;C:\WINDOWS\SYSTEM32;C:\WINDOWS\WinSxS\amd64_microsoft.windows.common-controls_6595b64144ccf1df_6.0.22621.3235_none_270f74e173860f98;C:\Program Files\Java\jdk-17.0.2\bin\server;C:\Users\pflat\AppData\Local\Programs\IntelliJ IDEA Ultimate\bin

VM Arguments:
jvm_args: -XX:TieredStopAtLevel=1 -Dspring.output.ansi.enabled=always -Dcom.sun.management.jmxremote -Dspring.jmx.enabled=true -Dspring.liveBeansView.mbeanDomain -Dspring.application.admin.enabled=true -Dmanagement.endpoints.jmx.exposure.include=* -javaagent:C:\Users\pflat\AppData\Local\Programs\IntelliJ IDEA Ultimate\lib\idea_rt.jar=60421:C:\Users\pflat\AppData\Local\Programs\IntelliJ IDEA Ultimate\bin -Dfile.encoding=UTF-8 
java_command: mvp.pioneer.backend.BackendApplication
java_class_path (initial): C:\Users\pflat\OneDrive\Save\study\leetcode\pioneer\backend\target\classes;C:\Users\pflat\.m2\repository\org\springframework\boot\spring-boot-starter-web\3.2.3\spring-boot-starter-web-3.2.3.jar;C:\Users\pflat\.m2\repository\org\springframework\boot\spring-boot-starter\3.2.3\spring-boot-starter-3.2.3.jar;C:\Users\pflat\.m2\repository\org\springframework\boot\spring-boot\3.2.3\spring-boot-3.2.3.jar;C:\Users\pflat\.m2\repository\org\springframework\boot\spring-boot-autoconfigure\3.2.3\spring-boot-autoconfigure-3.2.3.jar;C:\Users\pflat\.m2\repository\org\springframework\boot\spring-boot-starter-logging\3.2.3\spring-boot-starter-logging-3.2.3.jar;C:\Users\pflat\.m2\repository\org\apache\logging\log4j\log4j-to-slf4j\2.21.1\log4j-to-slf4j-2.21.1.jar;C:\Users\pflat\.m2\repository\org\apache\logging\log4j\log4j-api\2.21.1\log4j-api-2.21.1.jar;C:\Users\pflat\.m2\repository\org\slf4j\jul-to-slf4j\2.0.12\jul-to-slf4j-2.0.12.jar;C:\Users\pflat\.m2\repository\jakarta\annotation\jakarta.annotation-api\2.1.1\jakarta.annotation-api-2.1.1.jar;C:\Users\pflat\.m2\repository\org\springframework\boot\spring-boot-starter-json\3.2.3\spring-boot-starter-json-3.2.3.jar;C:\Users\pflat\.m2\repository\com\fasterxml\jackson\core\jackson-databind\2.15.4\jackson-databind-2.15.4.jar;C:\Users\pflat\.m2\repository\com\fasterxml\jackson\core\jackson-annotations\2.15.4\jackson-annotations-2.15.4.jar;C:\Users\pflat\.m2\repository\com\fasterxml\jackson\core\jackson-core\2.15.4\jackson-core-2.15.4.jar;C:\Users\pflat\.m2\repository\com\fasterxml\jackson\datatype\jackson-datatype-jdk8\2.15.4\jackson-datatype-jdk8-2.15.4.jar;C:\Users\pflat\.m2\repository\com\fasterxml\jackson\datatype\jackson-datatype-jsr310\2.15.4\jackson-datatype-jsr310-2.15.4.jar;C:\Users\pflat\.m2\repository\com\fasterxml\jackson\module\jackson-module-parameter-names\2.15.4\jackson-module-parameter-names-2.15.4.jar;C:\Users\pflat\.m2\repository\org\springframework\boot\spring-boot-starter-tomcat\3.2.3\spring-
Launcher Type: SUN_STANDARD

[Global flags]
     intx CICompilerCount                          = 12                                        {product} {ergonomic}
     uint ConcGCThreads                            = 3                                         {product} {ergonomic}
     uint G1ConcRefinementThreads                  = 13                                        {product} {ergonomic}
   size_t G1HeapRegionSize                         = 2097152                                   {product} {ergonomic}
    uintx GCDrainStackTargetSize                   = 64                                        {product} {ergonomic}
   size_t InitialHeapSize                          = 232783872                                 {product} {ergonomic}
     bool ManagementServer                         = true                                      {product} {command line}
   size_t MarkStackSize                            = 4194304                                   {product} {ergonomic}
   size_t MaxHeapSize                              = 3716153344                                {product} {ergonomic}
   size_t MaxNewSize                               = 2229272576                                {product} {ergonomic}
   size_t MinHeapDeltaBytes                        = 2097152                                   {product} {ergonomic}
   size_t MinHeapSize                              = 8388608                                   {product} {ergonomic}
    uintx NonProfiledCodeHeapSize                  = 0                                      {pd product} {ergonomic}
     bool ProfileInterpreter                       = false                                  {pd product} {command line}
    uintx ProfiledCodeHeapSize                     = 0                                      {pd product} {ergonomic}
   size_t SoftMaxHeapSize                          = 3716153344                             {manageable} {ergonomic}
     intx TieredStopAtLevel                        = 1                                         {product} {command line}
     bool UseCompressedClassPointers               = true                           {product lp64_product} {ergonomic}
     bool UseCompressedOops                        = true                           {product lp64_product} {ergonomic}
     bool UseG1GC                                  = true                                      {product} {ergonomic}
     bool UseLargePagesIndividualAllocation        = false                                  {pd product} {ergonomic}

Logging:
Log output configuration:
 #0: stdout all=warning uptime,level,tags
 #1: stderr all=off uptime,level,tags

Environment Variables:
JAVA_HOME=C:\Program Files\Java\jdk-17.0.2
PATH=C:\Program Files\Microsoft MPI\Bin\;C:\Program Files\Common Files\Oracle\Java\javapath;C:\Program Files (x86)\Common Files\Oracle\Java\javapath;C:\Windows\system32;C:\Windows;C:\Windows\System32\Wbem;C:\Windows\System32\WindowsPowerShell\v1.0\;C:\Windows\System32\OpenSSH\;C:\Program Files\dotnet\;C:\Program Files (x86)\NVIDIA Corporation\PhysX\Common;C:\WINDOWS\system32;C:\WINDOWS;C:\WINDOWS\System32\Wbem;C:\WINDOWS\System32\WindowsPowerShell\v1.0\;C:\WINDOWS\System32\OpenSSH\;C:\Program Files\PostgreSQL\15\bin;C:\Programs\apache-maven-3.9.1\bin;C:\Program Files\Git\cmd;C:\Program Files\Docker\Docker\resources\bin;C:\Users\pflat\AppData\Local\Microsoft\WindowsApps;C:\Users\pflat\AppData\Local\Programs\Microsoft VS Code\bin;C:\Users\pflat\.dotnet\tools;C:\Program Files\Java\jdk-17.0.2\bin;C:\Program Files\JetBrains\IntelliJ IDEA 2021.3.2\bin;C:\Windows\System32;C:\Program Files\JetBrains\CLion 2022.3.3\bin;C:\Users\pflat\yandex-cloud\bin;C:\Users\pflat\AppData\Local\JetBrains\Toolbox\scripts;C:\Programs\apache-maven-3.9.1\bin;C:\Users\pflat\.dotnet\tools;C:\Program Files\Python312
USERNAME=pflat
OS=Windows_NT
PROCESSOR_IDENTIFIER=AMD64 Family 23 Model 104 Stepping 1, AuthenticAMD



---------------  S Y S T E M  ---------------

OS:
 Windows 11 , 64 bit Build 22621 (10.0.22621.3235)
OS uptime: 3 days 10:33 hours
Hyper-V role detected

CPU: total 16 (initial active 16) (16 cores per cpu, 2 threads per core) family 23 model 104 stepping 1 microcode 0x0, cx8, cmov, fxsr, ht, mmx, 3dnowpref, sse, sse2, sse3, ssse3, sse4a, sse4.1, sse4.2, popcnt, lzcnt, tsc, tscinvbit, avx, avx2, aes, clmul, bmi1, bmi2, adx, sha, fma, vzeroupper, clflush, clflushopt, hv

Memory: 4k page, system-wide physical 14170M (1631M free)
TotalPageFile size 22362M (AvailPageFile size 186M)
current process WorkingSet (physical memory assigned to process): 345M, peak: 345M
current process commit charge ("private bytes"): 464M, peak: 676M

vm_info: Java HotSpot(TM) 64-Bit Server VM (17.0.2+8-LTS-86) for windows-amd64 JRE (17.0.2+8-LTS-86), built on Dec  7 2021 21:51:03 by "mach5one" with MS VC++ 16.8 / 16.9 (VS2019)

END.
